#
# A fatal error has been detected by the Java Runtime Environment:
#
#  EXCEPTION_ACCESS_VIOLATION (0xc0000005) at pc=0x00007fff73f2d69a, pid=17716, tid=12616
#
# JRE version: OpenJDK Runtime Environment Temurin-17.0.2+8 (17.0.2+8) (build 17.0.2+8)
# Java VM: OpenJDK 64-Bit Server VM Temurin-17.0.2+8 (17.0.2+8, mixed mode, emulated-client, tiered, compressed oops, compressed class ptrs, g1 gc, windows-amd64)
# Problematic frame:
# V  [jvm.dll+0x79d69a]
#
# No core dump will be written. Minidumps are not enabled by default on client versions of Windows
#
# If you would like to submit a bug report, please visit:
#   https://github.com/adoptium/adoptium-support/issues
#

---------------  S U M M A R Y ------------

Command Line: -XX:+ShowCodeDetailsInExceptionMessages -agentlib:jdwp=transport=dt_socket,suspend=y,address=localhost:54386 -Dcom.sun.management.jmxremote -Dcom.sun.management.jmxremote.port=54385 -Dcom.sun.management.jmxremote.authenticate=false -Dcom.sun.management.jmxremote.ssl=false -Djava.rmi.server.hostname=localhost -Dspring.jmx.enabled=true -Dspring.application.admin.enabled=true -XX:TieredStopAtLevel=1 -Dspring.boot.project.name=CustomerConsumerService -javaagent:C:\Users\kgovinda\Downloads\sts-4.14.1.RELEASE\configuration\org.eclipse.osgi\265\0\.cp\lib\javaagent-shaded.jar -Dfile.encoding=UTF-8 com.customer.consumer.CustomerConsumerserviceApplication --spring.output.ansi.enabled=always

Host: Intel(R) Core(TM) i7-8565U CPU @ 1.80GHz, 8 cores, 15G,  Windows 10 , 64 bit Build 19041 (10.0.19041.1706)
Time: Tue May 31 20:26:55 2022 India Standard Time elapsed time: 358.099578 seconds (0d 0h 5m 58s)

---------------  T H R E A D  ---------------

Current thread (0x0000029a7c689e30):  JavaThread "JDWP Transport Listener: dt_socket" daemon [_thread_in_vm, id=12616, stack(0x000000eea4900000,0x000000eea4a00000)]

Stack: [0x000000eea4900000,0x000000eea4a00000],  sp=0x000000eea49ff7e0,  free space=1021k
Native frames: (J=compiled Java code, j=interpreted, Vv=VM code, C=native code)
V  [jvm.dll+0x79d69a]
V  [jvm.dll+0x50842c]
V  [jvm.dll+0x4cfa94]
C  [jdwp.dll+0x22dff]


siginfo: EXCEPTION_ACCESS_VIOLATION (0xc0000005), reading address 0x0000000000240009


Register to memory mapping:

RIP=0x00007fff73f2d69a jvm.dll
RAX=0x0000000000000023 is an unknown value
RBX=0x0000029a7c4b71d6 points into unknown readable memory: 00 3b
RCX=0x0000000000240005 is an unknown value
RDX=0x0000029a00c60fb0 points into unknown readable memory: 0x7375632f6d6f634c | 4c 63 6f 6d 2f 63 75 73
RSP=0x000000eea49ff7e0 is pointing into the stack for thread: 0x0000029a7c689e30
RBP=0x0000029a7c67e380 points into unknown readable memory: 0x0000000000000002 | 02 00 00 00 00 00 00 00
RSI=0x0 is NULL
RDI=0xffffffffffffffff is an unknown value
R8 =0x00000000000000bb is an unknown value
R9 =0x0000000000000040 is an unknown value
R10=0x0000000000000080 is an unknown value
R11=0x000000eea49ff800 is pointing into the stack for thread: 0x0000029a7c689e30
R12=0x000000eea49ff938 is pointing into the stack for thread: 0x0000029a7c689e30
R13=0x0 is NULL
R14=0x0000000800382000 is a pointer to class: 
com.customer.consumer.masking.CustomerMaskConverter {0x0000000800382008}
 - instance size:     2
 - klass size:        69
 - access:            public synchronized 
 - state:             fully_initialized
 - name:              'com/customer/consumer/masking/CustomerMaskConverter'
 - super:             'java/lang/Object'
 - sub:               
 - arrays:            NULL
 - methods:           Array<T>(0x0000029a02431b00)
 - method ordering:   Array<T>(0x0000029a040bc1e0)
 - default_methods:   Array<T>(0x0000000000000000)
 - local interfaces:  Array<T>(0x0000029a7fa49a98)
 - trans. interfaces: Array<T>(0x0000029a7fa49a98)
 - constants:         constant pool [68] {0x0000029a02fa0008} for 'com/customer/consumer/masking/CustomerMaskConverter' cache=0x0000029a026f01d0
 - class loader data:  loader data: 0x0000029a7c5e89f0 for instance a 'jdk/internal/loader/ClassLoaders$AppClassLoader'{0x0000000703b2c7f0}
 - source file:       'CustomerMaskConverter.java'
 - source debug extension:       SMAP
CustomerMaskConverter.java
Java
*S jdt
*F
1 CustomerMaskConverter.java
2 file:/C:/Users/kgovinda/Documents/workspace-spring-tool-suite-4-4.14.1.RELEASE/CustomerConsumerService/target/classes/
*L
*E

 - class annotations:       Array<T>(0x0000029a040bc438)
 - class type annotations:  Array<T>(0x0000000000000000)
 - field annotations:       Array<T>(0x0000000000000000)
 - field type annotations:  Array<T>(0x0000000000000000)
 - generic signature: '
[error occurred during error reporting (printing register info), id 0xc0000005, EXCEPTION_ACCESS_VIOLATION (0xc0000005) at pc=0x00007fff73f2e2a6]

Registers:
RAX=0x0000000000000023, RBX=0x0000029a7c4b71d6, RCX=0x0000000000240005, RDX=0x0000029a00c60fb0
RSP=0x000000eea49ff7e0, RBP=0x0000029a7c67e380, RSI=0x0000000000000000, RDI=0xffffffffffffffff
R8 =0x00000000000000bb, R9 =0x0000000000000040, R10=0x0000000000000080, R11=0x000000eea49ff800
R12=0x000000eea49ff938, R13=0x0000000000000000, R14=0x0000000800382000, R15=0x000000eea49ff988
RIP=0x00007fff73f2d69a, EFLAGS=0x0000000000010202

Top of Stack: (sp=0x000000eea49ff7e0)
0x000000eea49ff7e0:   0000000000000033 0000000800382000
0x000000eea49ff7f0:   0000029a7c689e30 0000000000000000
0x000000eea49ff800:   ffffffffffffffff 00007fff73c9842c
0x000000eea49ff810:   0000029a7c4b71d6 0000029a7c4b71a0
0x000000eea49ff820:   0000029a7c67e380 0000029a000b4100
0x000000eea49ff830:   0000029a7c4b7150 00000000000003d8
0x000000eea49ff840:   0000029a7c4b7160 0000029a7c4b7538
0x000000eea49ff850:   0000000000000002 000000eea49ff938
0x000000eea49ff860:   0000000000000000 0000000000000000
0x000000eea49ff870:   0000000703f43e38 00007fff73c5fa94
0x000000eea49ff880:   0000029a7c689e30 000000eea49ff988
0x000000eea49ff890:   0000029a6919cd50 000000eea49ff988
0x000000eea49ff8a0:   0000029a7c689e30 0000000000000000
0x000000eea49ff8b0:   0000029a00000000 0000000000000000
0x000000eea49ff8c0:   000000000000000d 00007fffd7042dff
0x000000eea49ff8d0:   000000eea49ff980 00007fffd7051aa0 

Instructions: (pc=0x00007fff73f2d69a)
0x00007fff73f2d59a:   48 83 c4 20 5f e9 4c 8d 90 ff cc cc cc cc cc cc
0x00007fff73f2d5aa:   cc cc cc cc cc cc 48 89 5c 24 08 57 48 83 ec 20
0x00007fff73f2d5ba:   83 fa 02 8d 42 06 b9 08 00 00 00 49 8b d8 0f 4e
0x00007fff73f2d5ca:   c1 48 63 c8 48 83 c1 07 83 e1 f8 48 63 f9 49 8b
0x00007fff73f2d5da:   48 18 48 8b c7 48 f7 d0 48 3b c1 73 16 4c 8d 05
0x00007fff73f2d5ea:   da 4c 17 00 48 8b d7 48 8b cb e8 57 f0 90 ff 48
0x00007fff73f2d5fa:   8b 4b 18 48 8d 04 39 48 3b 43 20 76 18 45 33 c0
0x00007fff73f2d60a:   48 8b d7 48 8b cb 48 8b 5c 24 30 48 83 c4 20 5f
0x00007fff73f2d61a:   e9 b1 ec 90 ff 48 89 43 18 48 8b c1 48 8b 5c 24
0x00007fff73f2d62a:   30 48 83 c4 20 5f c3 cc cc cc cc cc cc cc cc cc
0x00007fff73f2d63a:   cc cc cc cc cc cc 4c 8b d2 4c 8b d9 45 85 c0 7e
0x00007fff73f2d64a:   3c 44 0f b7 49 04 41 8d 40 ff 41 3b c1 44 0f 4c
0x00007fff73f2d65a:   c8 4d 63 c1 45 85 c9 7e 1f 48 8b c2 4c 2b da 49
0x00007fff73f2d66a:   8b d0 0f 1f 40 00 41 0f b6 4c 03 06 88 08 48 8d
0x00007fff73f2d67a:   40 01 48 83 ea 01 75 ee 43 c6 04 10 00 49 8b c2
0x00007fff73f2d68a:   c3 cc cc cc cc cc 48 89 5c 24 08 57 48 83 ec 20
0x00007fff73f2d69a:   0f b7 59 04 48 8b f9 33 d2 48 8d 4b 01 e8 84 df
0x00007fff73f2d6aa:   f2 ff 0f b7 57 04 4c 8b c0 3b da 0f 42 d3 44 8b
0x00007fff73f2d6ba:   ca 85 d2 74 39 48 2b f8 0f 1f 40 00 66 66 0f 1f
0x00007fff73f2d6ca:   84 00 00 00 00 00 0f b6 4c 07 06 88 08 48 ff c0
0x00007fff73f2d6da:   48 8b c8 49 2b c8 49 3b c9 7c eb 42 c6 04 02 00
0x00007fff73f2d6ea:   49 8b c0 48 8b 5c 24 30 48 83 c4 20 5f c3 48 8b
0x00007fff73f2d6fa:   5c 24 30 c6 04 02 00 48 83 c4 20 5f c3 cc cc cc
0x00007fff73f2d70a:   cc cc cc cc cc cc 4c 8b d1 45 85 c0 7e 6c 44 0f
0x00007fff73f2d71a:   b7 49 04 41 8d 40 ff 41 3b c1 44 0f 4c c8 4d 63
0x00007fff73f2d72a:   d9 45 85 c9 7e 22 48 8b ca 4c 2b d2 4d 8b c3 0f
0x00007fff73f2d73a:   1f 80 00 00 00 00 41 0f b6 44 0a 06 88 01 48 8d
0x00007fff73f2d74a:   49 01 49 83 e8 01 75 ee 41 c6 04 13 00 48 c7 c0
0x00007fff73f2d75a:   ff ff ff ff 66 90 48 ff c0 80 3c 02 00 75 f7 48
0x00007fff73f2d76a:   63 c8 85 c0 48 8b c2 7e 14 80 38 2f 75 03 c6 00
0x00007fff73f2d77a:   2e 48 ff c0 48 83 e9 01 75 ef 48 8b c2 c3 cc cc
0x00007fff73f2d78a:   cc cc cc cc cc cc 48 83 ec 28 e8 f7 fe ff ff 4c 


Stack slot to memory mapping:
stack at sp + 0 slots: 0x0000000000000033 is an unknown value
stack at sp + 1 slots: 0x0000000800382000 is a pointer to class: 
com.customer.consumer.masking.CustomerMaskConverter {0x0000000800382008}
 - instance size:     2
 - klass size:        69
 - access:            public synchronized 
 - state:             fully_initialized
 - name:              'com/customer/consumer/masking/CustomerMaskConverter'
 - super:             'java/lang/Object'
 - sub:               
 - arrays:            NULL
 - methods:           Array<T>(0x0000029a02431b00)
 - method ordering:   Array<T>(0x0000029a040bc1e0)
 - default_methods:   Array<T>(0x0000000000000000)
 - local interfaces:  Array<T>(0x0000029a7fa49a98)
 - trans. interfaces: Array<T>(0x0000029a7fa49a98)
 - constants:         constant pool [68] {0x0000029a02fa0008} for 'com/customer/consumer/masking/CustomerMaskConverter' cache=0x0000029a026f01d0
 - class loader data:  loader data: 0x0000029a7c5e89f0 for instance a 'jdk/internal/loader/ClassLoaders$AppClassLoader'{0x0000000703b2c7f0}
 - source file:       'CustomerMaskConverter.java'
 - source debug extension:       SMAP
CustomerMaskConverter.java
Java
*S jdt
*F
1 CustomerMaskConverter.java
2 file:/C:/Users/kgovinda/Documents/workspace-spring-tool-suite-4-4.14.1.RELEASE/CustomerConsumerService/target/classes/
*L
*E

 - class annotations:       Array<T>(0x0000029a040bc438)
 - class type annotations:  Array<T>(0x0000000000000000)
 - field annotations:       Array<T>(0x0000000000000000)
 - field type annotations:  Array<T>(0x0000000000000000)
 - generic signature: '
[error occurred during error reporting (inspecting top of stack), id 0xc0000005, EXCEPTION_ACCESS_VIOLATION (0xc0000005) at pc=0x00007fff73f2e2a6]


---------------  P R O C E S S  ---------------

Threads class SMR info:
_java_thread_list=0x0000029a00e23a80, length=42, elements={
0x0000029a7c453280, 0x0000029a7c454000, 0x0000029a7c40e1b0, 0x0000029a7c4755b0,
0x0000029a7c40ee60, 0x0000029a7c40f720, 0x0000029a7c46c830, 0x0000029a7c46d130,
0x0000029a7c5a2ee0, 0x0000029a7c689e30, 0x0000029a7c68aae0, 0x0000029a7c68afd0,
0x0000029a7c7fd8e0, 0x0000029a7d02a010, 0x0000029a7d02dbc0, 0x0000029a7d0a81e0,
0x0000029a7df56810, 0x0000029a7df8fb90, 0x0000029a7dfe8f90, 0x0000029a7e0ed250,
0x0000029a7e0ec3e0, 0x0000029a7e0ec8b0, 0x0000029a7e0ed720, 0x0000029a7e0edbf0,
0x0000029a7e0ee590, 0x0000029a7e0eba40, 0x0000029a00bca720, 0x0000029a00bc5ef0,
0x0000029a00bcc400, 0x0000029a00bc9d80, 0x0000029a00bcb590, 0x0000029a00bca250,
0x0000029a00bc5a20, 0x0000029a00bc80a0, 0x0000029a00bc5550, 0x0000029a00bc8570,
0x0000029a00bc8a40, 0x0000029a00bc6d60, 0x0000029a00bcabf0, 0x0000029a00bcb0c0,
0x0000029a00bc63c0, 0x0000029a00bc5080
}

Java Threads: ( => current thread )
  0x0000029a7c453280 JavaThread "Reference Handler" daemon [_thread_blocked, id=20988, stack(0x000000eea3d00000,0x000000eea3e00000)]
  0x0000029a7c454000 JavaThread "Finalizer" daemon [_thread_blocked, id=25012, stack(0x000000eea3e00000,0x000000eea3f00000)]
  0x0000029a7c40e1b0 JavaThread "Signal Dispatcher" daemon [_thread_blocked, id=12204, stack(0x000000eea3f00000,0x000000eea4000000)]
  0x0000029a7c4755b0 JavaThread "Attach Listener" daemon [_thread_blocked, id=2016, stack(0x000000eea4000000,0x000000eea4100000)]
  0x0000029a7c40ee60 JavaThread "Service Thread" daemon [_thread_blocked, id=22444, stack(0x000000eea4100000,0x000000eea4200000)]
  0x0000029a7c40f720 JavaThread "Monitor Deflation Thread" daemon [_thread_blocked, id=17892, stack(0x000000eea4200000,0x000000eea4300000)]
  0x0000029a7c46c830 JavaThread "C1 CompilerThread0" daemon [_thread_blocked, id=25616, stack(0x000000eea4300000,0x000000eea4400000)]
  0x0000029a7c46d130 JavaThread "Sweeper thread" daemon [_thread_blocked, id=23888, stack(0x000000eea4400000,0x000000eea4500000)]
  0x0000029a7c5a2ee0 JavaThread "Common-Cleaner" daemon [_thread_blocked, id=5368, stack(0x000000eea4500000,0x000000eea4600000)]
=>0x0000029a7c689e30 JavaThread "JDWP Transport Listener: dt_socket" daemon [_thread_in_vm, id=12616, stack(0x000000eea4900000,0x000000eea4a00000)]
  0x0000029a7c68aae0 JavaThread "JDWP Event Helper Thread" daemon [_thread_blocked, id=18120, stack(0x000000eea4a00000,0x000000eea4b00000)]
  0x0000029a7c68afd0 JavaThread "JDWP Command Reader" daemon [_thread_in_native, id=21096, stack(0x000000eea4b00000,0x000000eea4c00000)]
  0x0000029a7c7fd8e0 JavaThread "Notification Thread" daemon [_thread_blocked, id=10884, stack(0x000000eea4c00000,0x000000eea4d00000)]
  0x0000029a7d02a010 JavaThread "RMI TCP Accept-0" daemon [_thread_in_native, id=4544, stack(0x000000eea4d00000,0x000000eea4e00000)]
  0x0000029a7d02dbc0 JavaThread "RMI TCP Accept-54385" daemon [_thread_in_native, id=9876, stack(0x000000eea4e00000,0x000000eea4f00000)]
  0x0000029a7d0a81e0 JavaThread "RMI TCP Accept-0" daemon [_thread_in_native, id=23040, stack(0x000000eea4f00000,0x000000eea5000000)]
  0x0000029a7df56810 JavaThread "RMI Scheduler(0)" daemon [_thread_blocked, id=16924, stack(0x000000eea5b00000,0x000000eea5c00000)]
  0x0000029a7df8fb90 JavaThread "RMI TCP Connection(idle)" daemon [_thread_blocked, id=20876, stack(0x000000eea5c00000,0x000000eea5d00000)]
  0x0000029a7dfe8f90 JavaThread "JMX server connection timeout 25" daemon [_thread_blocked, id=9768, stack(0x000000eea5d00000,0x000000eea5e00000)]
  0x0000029a7e0ed250 JavaThread "MVStore background writer C:/Users/kgovinda/test.mv.db" daemon [_thread_blocked, id=22752, stack(0x000000eea5e00000,0x000000eea5f00000)]
  0x0000029a7e0ec3e0 JavaThread "HikariPool-1 housekeeper" daemon [_thread_blocked, id=8744, stack(0x000000eea6000000,0x000000eea6100000)]
  0x0000029a7e0ec8b0 JavaThread "Catalina-utility-1" [_thread_blocked, id=13836, stack(0x000000eea6100000,0x000000eea6200000)]
  0x0000029a7e0ed720 JavaThread "Catalina-utility-2" [_thread_blocked, id=13416, stack(0x000000eea6200000,0x000000eea6300000)]
  0x0000029a7e0edbf0 JavaThread "container-0" [_thread_blocked, id=15092, stack(0x000000eea6300000,0x000000eea6400000)]
  0x0000029a7e0ee590 JavaThread "H2-serialization" daemon [_thread_blocked, id=13524, stack(0x000000eea6500000,0x000000eea6600000)]
  0x0000029a7e0eba40 JavaThread "H2-save" daemon [_thread_blocked, id=22408, stack(0x000000eea6600000,0x000000eea6700000)]
  0x0000029a00bca720 JavaThread "ThreadPoolTaskScheduler-1" [_thread_blocked, id=20652, stack(0x000000eea6700000,0x000000eea6800000)]
  0x0000029a00bc5ef0 JavaThread "org.springframework.kafka.KafkaListenerEndpointContainer#0-0-C-1" [_thread_blocked, id=16592, stack(0x000000eea6800000,0x000000eea6900000)]
  0x0000029a00bcc400 JavaThread "http-nio-8083-exec-1" daemon [_thread_blocked, id=20908, stack(0x000000eea6900000,0x000000eea6a00000)]
  0x0000029a00bc9d80 JavaThread "http-nio-8083-exec-2" daemon [_thread_blocked, id=20080, stack(0x000000eea6a00000,0x000000eea6b00000)]
  0x0000029a00bcb590 JavaThread "http-nio-8083-exec-3" daemon [_thread_blocked, id=23064, stack(0x000000eea6b00000,0x000000eea6c00000)]
  0x0000029a00bca250 JavaThread "http-nio-8083-exec-4" daemon [_thread_blocked, id=23148, stack(0x000000eea6c00000,0x000000eea6d00000)]
  0x0000029a00bc5a20 JavaThread "http-nio-8083-exec-5" daemon [_thread_blocked, id=25912, stack(0x000000eea6d00000,0x000000eea6e00000)]
  0x0000029a00bc80a0 JavaThread "http-nio-8083-exec-6" daemon [_thread_blocked, id=23460, stack(0x000000eea6e00000,0x000000eea6f00000)]
  0x0000029a00bc5550 JavaThread "http-nio-8083-exec-7" daemon [_thread_blocked, id=11376, stack(0x000000eea6f00000,0x000000eea7000000)]
  0x0000029a00bc8570 JavaThread "http-nio-8083-exec-8" daemon [_thread_blocked, id=23152, stack(0x000000eea7000000,0x000000eea7100000)]
  0x0000029a00bc8a40 JavaThread "http-nio-8083-exec-9" daemon [_thread_blocked, id=16272, stack(0x000000eea7100000,0x000000eea7200000)]
  0x0000029a00bc6d60 JavaThread "http-nio-8083-exec-10" daemon [_thread_blocked, id=9028, stack(0x000000eea7200000,0x000000eea7300000)]
  0x0000029a00bcabf0 JavaThread "http-nio-8083-Poller" daemon [_thread_in_native, id=18608, stack(0x000000eea7300000,0x000000eea7400000)]
  0x0000029a00bcb0c0 JavaThread "http-nio-8083-Acceptor" daemon [_thread_in_native, id=19528, stack(0x000000eea7400000,0x000000eea7500000)]
  0x0000029a00bc63c0 JavaThread "DestroyJavaVM" [_thread_blocked, id=25444, stack(0x000000eea3600000,0x000000eea3700000)]
  0x0000029a00bc5080 JavaThread "kafka-coordinator-heartbeat-thread | customer-1" daemon [_thread_blocked, id=4196, stack(0x000000eea7d00000,0x000000eea7e00000)]

Other Threads:
  0x0000029a7ba4da80 VMThread "VM Thread" [stack: 0x000000eea3c00000,0x000000eea3d00000] [id=6160]
  0x0000029a691af680 WatcherThread [stack: 0x000000eea5000000,0x000000eea5100000] [id=14952]
  0x0000029a692011e0 GCTaskThread "GC Thread#0" [stack: 0x000000eea3700000,0x000000eea3800000] [id=13664]
  0x0000029a7d0bfd90 GCTaskThread "GC Thread#1" [stack: 0x000000eea5100000,0x000000eea5200000] [id=21580]
  0x0000029a7d0c0040 GCTaskThread "GC Thread#2" [stack: 0x000000eea5200000,0x000000eea5300000] [id=13252]
  0x0000029a7d0c02f0 GCTaskThread "GC Thread#3" [stack: 0x000000eea5300000,0x000000eea5400000] [id=6452]
  0x0000029a7d094040 GCTaskThread "GC Thread#4" [stack: 0x000000eea5400000,0x000000eea5500000] [id=19580]
  0x0000029a7d095300 GCTaskThread "GC Thread#5" [stack: 0x000000eea5500000,0x000000eea5600000] [id=21976]
  0x0000029a7d075880 GCTaskThread "GC Thread#6" [stack: 0x000000eea5600000,0x000000eea5700000] [id=25552]
  0x0000029a7d0de140 GCTaskThread "GC Thread#7" [stack: 0x000000eea5700000,0x000000eea5800000] [id=14768]
  0x0000029a69212450 ConcurrentGCThread "G1 Main Marker" [stack: 0x000000eea3800000,0x000000eea3900000] [id=3968]
  0x0000029a69213380 ConcurrentGCThread "G1 Conc#0" [stack: 0x000000eea3900000,0x000000eea3a00000] [id=25376]
  0x0000029a7e1431f0 ConcurrentGCThread "G1 Conc#1" [stack: 0x000000eea5f00000,0x000000eea6000000] [id=6556]
  0x0000029a7b8fc110 ConcurrentGCThread "G1 Refine#0" [stack: 0x000000eea3a00000,0x000000eea3b00000] [id=8600]
  0x0000029a7d06cf70 ConcurrentGCThread "G1 Refine#1" [stack: 0x000000eea5800000,0x000000eea5900000] [id=26620]
  0x0000029a7d06da60 ConcurrentGCThread "G1 Refine#2" [stack: 0x000000eea5900000,0x000000eea5a00000] [id=4596]
  0x0000029a7b8fc940 ConcurrentGCThread "G1 Service" [stack: 0x000000eea3b00000,0x000000eea3c00000] [id=14140]

Threads with active compile tasks:

VM state: not at safepoint (normal execution)

VM Mutex/Monitor currently owned by a thread: None

Heap address: 0x0000000703800000, size: 4040 MB, Compressed Oops mode: Zero based, Oop shift amount: 3

CDS archive(s) not mapped
Compressed class space mapped at: 0x0000000800000000-0x0000000840000000, reserved size: 1073741824
Narrow klass base: 0x0000000800000000, Narrow klass shift: 0, Narrow klass range: 0x40000000

GC Precious Log:
 CPUs: 8 total, 8 available
 Memory: 16152M
 Large Page Support: Disabled
 NUMA Support: Disabled
 Compressed Oops: Enabled (Zero based)
 Heap Region Size: 2M
 Heap Min Capacity: 8M
 Heap Initial Capacity: 254M
 Heap Max Capacity: 4040M
 Pre-touch: Disabled
 Parallel Workers: 8
 Concurrent Workers: 2
 Concurrent Refinement Workers: 8
 Periodic GC: Disabled

Heap:
 garbage-first heap   total 180224K, used 60682K [0x0000000703800000, 0x0000000800000000)
  region size 2048K, 18 young (36864K), 1 survivors (2048K)
 Metaspace       used 75790K, committed 76224K, reserved 1122304K
  class space    used 9874K, committed 10112K, reserved 1048576K

Heap Regions: E=young(eden), S=young(survivor), O=old, HS=humongous(starts), HC=humongous(continues), CS=collection set, F=free, OA=open archive, CA=closed archive, TAMS=top-at-mark-start (previous, next)
|   0|0x0000000703800000, 0x0000000703a00000, 0x0000000703a00000|100%| O|  |TAMS 0x0000000703a00000, 0x0000000703800000| Untracked 
|   1|0x0000000703a00000, 0x0000000703c00000, 0x0000000703c00000|100%| O|  |TAMS 0x0000000703c00000, 0x0000000703a00000| Untracked 
|   2|0x0000000703c00000, 0x0000000703e00000, 0x0000000703e00000|100%| O|  |TAMS 0x0000000703e00000, 0x0000000703c00000| Untracked 
|   3|0x0000000703e00000, 0x0000000704000000, 0x0000000704000000|100%| O|  |TAMS 0x0000000704000000, 0x0000000703e00000| Untracked 
|   4|0x0000000704000000, 0x0000000704200000, 0x0000000704200000|100%| O|  |TAMS 0x0000000704200000, 0x0000000704000000| Untracked 
|   5|0x0000000704200000, 0x0000000704400000, 0x0000000704400000|100%|HS|  |TAMS 0x0000000704400000, 0x0000000704200000| Complete 
|   6|0x0000000704400000, 0x0000000704600000, 0x0000000704600000|100%| O|  |TAMS 0x0000000704600000, 0x0000000704400000| Untracked 
|   7|0x0000000704600000, 0x0000000704800000, 0x0000000704800000|100%| O|  |TAMS 0x0000000704600000, 0x0000000704600000| Untracked 
|   8|0x0000000704800000, 0x0000000704a00000, 0x0000000704a00000|100%| O|  |TAMS 0x0000000704800000, 0x0000000704800000| Untracked 
|   9|0x0000000704a00000, 0x0000000704c00000, 0x0000000704c00000|100%| O|  |TAMS 0x0000000704c00000, 0x0000000704a00000| Untracked 
|  10|0x0000000704c00000, 0x0000000704d63200, 0x0000000704e00000| 69%| O|  |TAMS 0x0000000704c00000, 0x0000000704c00000| Untracked 
|  11|0x0000000704e00000, 0x0000000705000000, 0x0000000705000000|100%| O|  |TAMS 0x0000000704e00000, 0x0000000704e00000| Untracked 
|  12|0x0000000705000000, 0x0000000705200000, 0x0000000705200000|100%| O|  |TAMS 0x0000000705000000, 0x0000000705000000| Untracked 
|  13|0x0000000705200000, 0x0000000705400000, 0x0000000705400000|100%| O|  |TAMS 0x0000000705200000, 0x0000000705200000| Untracked 
|  14|0x0000000705400000, 0x0000000705400000, 0x0000000705600000|  0%| F|  |TAMS 0x0000000705400000, 0x0000000705400000| Untracked 
|  15|0x0000000705600000, 0x0000000705600000, 0x0000000705800000|  0%| F|  |TAMS 0x0000000705600000, 0x0000000705600000| Untracked 
|  16|0x0000000705800000, 0x0000000705800000, 0x0000000705a00000|  0%| F|  |TAMS 0x0000000705800000, 0x0000000705800000| Untracked 
|  17|0x0000000705a00000, 0x0000000705a00000, 0x0000000705c00000|  0%| F|  |TAMS 0x0000000705a00000, 0x0000000705a00000| Untracked 
|  18|0x0000000705c00000, 0x0000000705c00000, 0x0000000705e00000|  0%| F|  |TAMS 0x0000000705c00000, 0x0000000705c00000| Untracked 
|  19|0x0000000705e00000, 0x0000000705e00000, 0x0000000706000000|  0%| F|  |TAMS 0x0000000705e00000, 0x0000000705e00000| Untracked 
|  20|0x0000000706000000, 0x00000007061df880, 0x0000000706200000| 93%| S|CS|TAMS 0x0000000706000000, 0x0000000706000000| Complete 
|  21|0x0000000706200000, 0x0000000706200000, 0x0000000706400000|  0%| F|  |TAMS 0x0000000706200000, 0x0000000706200000| Untracked 
|  22|0x0000000706400000, 0x0000000706400000, 0x0000000706600000|  0%| F|  |TAMS 0x0000000706400000, 0x0000000706400000| Untracked 
|  23|0x0000000706600000, 0x0000000706600000, 0x0000000706800000|  0%| F|  |TAMS 0x0000000706600000, 0x0000000706600000| Untracked 
|  24|0x0000000706800000, 0x0000000706800000, 0x0000000706a00000|  0%| F|  |TAMS 0x0000000706800000, 0x0000000706800000| Untracked 
|  25|0x0000000706a00000, 0x0000000706a00000, 0x0000000706c00000|  0%| F|  |TAMS 0x0000000706a00000, 0x0000000706a00000| Untracked 
|  26|0x0000000706c00000, 0x0000000706c00000, 0x0000000706e00000|  0%| F|  |TAMS 0x0000000706c00000, 0x0000000706c00000| Untracked 
|  27|0x0000000706e00000, 0x0000000706e00000, 0x0000000707000000|  0%| F|  |TAMS 0x0000000706e00000, 0x0000000706e00000| Untracked 
|  28|0x0000000707000000, 0x0000000707000000, 0x0000000707200000|  0%| F|  |TAMS 0x0000000707000000, 0x0000000707000000| Untracked 
|  29|0x0000000707200000, 0x0000000707200000, 0x0000000707400000|  0%| F|  |TAMS 0x0000000707200000, 0x0000000707200000| Untracked 
|  30|0x0000000707400000, 0x0000000707400000, 0x0000000707600000|  0%| F|  |TAMS 0x0000000707400000, 0x0000000707400000| Untracked 
|  31|0x0000000707600000, 0x0000000707600000, 0x0000000707800000|  0%| F|  |TAMS 0x0000000707600000, 0x0000000707600000| Untracked 
|  32|0x0000000707800000, 0x0000000707800000, 0x0000000707a00000|  0%| F|  |TAMS 0x0000000707800000, 0x0000000707800000| Untracked 
|  33|0x0000000707a00000, 0x0000000707a00000, 0x0000000707c00000|  0%| F|  |TAMS 0x0000000707a00000, 0x0000000707a00000| Untracked 
|  34|0x0000000707c00000, 0x0000000707c00000, 0x0000000707e00000|  0%| F|  |TAMS 0x0000000707c00000, 0x0000000707c00000| Untracked 
|  35|0x0000000707e00000, 0x0000000707e00000, 0x0000000708000000|  0%| F|  |TAMS 0x0000000707e00000, 0x0000000707e00000| Untracked 
|  36|0x0000000708000000, 0x0000000708000000, 0x0000000708200000|  0%| F|  |TAMS 0x0000000708000000, 0x0000000708000000| Untracked 
|  37|0x0000000708200000, 0x0000000708200000, 0x0000000708400000|  0%| F|  |TAMS 0x0000000708200000, 0x0000000708200000| Untracked 
|  38|0x0000000708400000, 0x0000000708400000, 0x0000000708600000|  0%| F|  |TAMS 0x0000000708400000, 0x0000000708400000| Untracked 
|  39|0x0000000708600000, 0x0000000708600000, 0x0000000708800000|  0%| F|  |TAMS 0x0000000708600000, 0x0000000708600000| Untracked 
|  40|0x0000000708800000, 0x0000000708800000, 0x0000000708a00000|  0%| F|  |TAMS 0x0000000708800000, 0x0000000708800000| Untracked 
|  41|0x0000000708a00000, 0x0000000708a00000, 0x0000000708c00000|  0%| F|  |TAMS 0x0000000708a00000, 0x0000000708a00000| Untracked 
|  42|0x0000000708c00000, 0x0000000708c00000, 0x0000000708e00000|  0%| F|  |TAMS 0x0000000708c00000, 0x0000000708c00000| Untracked 
|  43|0x0000000708e00000, 0x0000000708e00000, 0x0000000709000000|  0%| F|  |TAMS 0x0000000708e00000, 0x0000000708e00000| Untracked 
|  44|0x0000000709000000, 0x0000000709000000, 0x0000000709200000|  0%| F|  |TAMS 0x0000000709000000, 0x0000000709000000| Untracked 
|  45|0x0000000709200000, 0x0000000709200000, 0x0000000709400000|  0%| F|  |TAMS 0x0000000709200000, 0x0000000709200000| Untracked 
|  46|0x0000000709400000, 0x0000000709400000, 0x0000000709600000|  0%| F|  |TAMS 0x0000000709400000, 0x0000000709400000| Untracked 
|  47|0x0000000709600000, 0x0000000709600000, 0x0000000709800000|  0%| F|  |TAMS 0x0000000709600000, 0x0000000709600000| Untracked 
|  48|0x0000000709800000, 0x0000000709800000, 0x0000000709a00000|  0%| F|  |TAMS 0x0000000709800000, 0x0000000709800000| Untracked 
|  49|0x0000000709a00000, 0x0000000709a00000, 0x0000000709c00000|  0%| F|  |TAMS 0x0000000709a00000, 0x0000000709a00000| Untracked 
|  50|0x0000000709c00000, 0x0000000709c00000, 0x0000000709e00000|  0%| F|  |TAMS 0x0000000709c00000, 0x0000000709c00000| Untracked 
|  51|0x0000000709e00000, 0x0000000709e00000, 0x000000070a000000|  0%| F|  |TAMS 0x0000000709e00000, 0x0000000709e00000| Untracked 
|  52|0x000000070a000000, 0x000000070a000000, 0x000000070a200000|  0%| F|  |TAMS 0x000000070a000000, 0x000000070a000000| Untracked 
|  53|0x000000070a200000, 0x000000070a200000, 0x000000070a400000|  0%| F|  |TAMS 0x000000070a200000, 0x000000070a200000| Untracked 
|  54|0x000000070a400000, 0x000000070a400000, 0x000000070a600000|  0%| F|  |TAMS 0x000000070a400000, 0x000000070a400000| Untracked 
|  55|0x000000070a600000, 0x000000070a600000, 0x000000070a800000|  0%| F|  |TAMS 0x000000070a600000, 0x000000070a600000| Untracked 
|  56|0x000000070a800000, 0x000000070a800000, 0x000000070aa00000|  0%| F|  |TAMS 0x000000070a800000, 0x000000070a800000| Untracked 
|  57|0x000000070aa00000, 0x000000070aa00000, 0x000000070ac00000|  0%| F|  |TAMS 0x000000070aa00000, 0x000000070aa00000| Untracked 
|  58|0x000000070ac00000, 0x000000070ac00000, 0x000000070ae00000|  0%| F|  |TAMS 0x000000070ac00000, 0x000000070ac00000| Untracked 
|  59|0x000000070ae00000, 0x000000070ae00000, 0x000000070b000000|  0%| F|  |TAMS 0x000000070ae00000, 0x000000070ae00000| Untracked 
|  60|0x000000070b000000, 0x000000070b000000, 0x000000070b200000|  0%| F|  |TAMS 0x000000070b000000, 0x000000070b000000| Untracked 
|  61|0x000000070b200000, 0x000000070b200000, 0x000000070b400000|  0%| F|  |TAMS 0x000000070b200000, 0x000000070b200000| Untracked 
|  62|0x000000070b400000, 0x000000070b400000, 0x000000070b600000|  0%| F|  |TAMS 0x000000070b400000, 0x000000070b400000| Untracked 
|  63|0x000000070b600000, 0x000000070b600000, 0x000000070b800000|  0%| F|  |TAMS 0x000000070b600000, 0x000000070b600000| Untracked 
|  64|0x000000070b800000, 0x000000070b800000, 0x000000070ba00000|  0%| F|  |TAMS 0x000000070b800000, 0x000000070b800000| Untracked 
|  65|0x000000070ba00000, 0x000000070ba00000, 0x000000070bc00000|  0%| F|  |TAMS 0x000000070ba00000, 0x000000070ba00000| Untracked 
|  66|0x000000070bc00000, 0x000000070bc00000, 0x000000070be00000|  0%| F|  |TAMS 0x000000070bc00000, 0x000000070bc00000| Untracked 
|  67|0x000000070be00000, 0x000000070be00000, 0x000000070c000000|  0%| F|  |TAMS 0x000000070be00000, 0x000000070be00000| Untracked 
|  68|0x000000070c000000, 0x000000070c000000, 0x000000070c200000|  0%| F|  |TAMS 0x000000070c000000, 0x000000070c000000| Untracked 
|  69|0x000000070c200000, 0x000000070c200000, 0x000000070c400000|  0%| F|  |TAMS 0x000000070c200000, 0x000000070c200000| Untracked 
|  70|0x000000070c400000, 0x000000070c400000, 0x000000070c600000|  0%| F|  |TAMS 0x000000070c400000, 0x000000070c400000| Untracked 
|  71|0x000000070c600000, 0x000000070c63acc0, 0x000000070c800000| 11%| E|  |TAMS 0x000000070c600000, 0x000000070c600000| Complete 
|  72|0x000000070c800000, 0x000000070ca00000, 0x000000070ca00000|100%| E|CS|TAMS 0x000000070c800000, 0x000000070c800000| Complete 
|  73|0x000000070ca00000, 0x000000070cc00000, 0x000000070cc00000|100%| E|CS|TAMS 0x000000070ca00000, 0x000000070ca00000| Complete 
|  74|0x000000070cc00000, 0x000000070ce00000, 0x000000070ce00000|100%| E|  |TAMS 0x000000070cc00000, 0x000000070cc00000| Complete 
|  75|0x000000070ce00000, 0x000000070d000000, 0x000000070d000000|100%| E|CS|TAMS 0x000000070ce00000, 0x000000070ce00000| Complete 
|  76|0x000000070d000000, 0x000000070d200000, 0x000000070d200000|100%| E|CS|TAMS 0x000000070d000000, 0x000000070d000000| Complete 
|  77|0x000000070d200000, 0x000000070d400000, 0x000000070d400000|100%| E|CS|TAMS 0x000000070d200000, 0x000000070d200000| Complete 
|  78|0x000000070d400000, 0x000000070d600000, 0x000000070d600000|100%| E|CS|TAMS 0x000000070d400000, 0x000000070d400000| Complete 
|  79|0x000000070d600000, 0x000000070d800000, 0x000000070d800000|100%| E|CS|TAMS 0x000000070d600000, 0x000000070d600000| Complete 
|  80|0x000000070d800000, 0x000000070da00000, 0x000000070da00000|100%| E|CS|TAMS 0x000000070d800000, 0x000000070d800000| Complete 
|  81|0x000000070da00000, 0x000000070dc00000, 0x000000070dc00000|100%| E|CS|TAMS 0x000000070da00000, 0x000000070da00000| Complete 
|  82|0x000000070dc00000, 0x000000070de00000, 0x000000070de00000|100%| E|CS|TAMS 0x000000070dc00000, 0x000000070dc00000| Complete 
|  83|0x000000070de00000, 0x000000070e000000, 0x000000070e000000|100%| E|CS|TAMS 0x000000070de00000, 0x000000070de00000| Complete 
|  84|0x000000070e000000, 0x000000070e200000, 0x000000070e200000|100%| E|CS|TAMS 0x000000070e000000, 0x000000070e000000| Complete 
|  85|0x000000070e200000, 0x000000070e400000, 0x000000070e400000|100%| E|CS|TAMS 0x000000070e200000, 0x000000070e200000| Complete 
|  86|0x000000070e400000, 0x000000070e600000, 0x000000070e600000|100%| E|CS|TAMS 0x000000070e400000, 0x000000070e400000| Complete 
| 126|0x0000000713400000, 0x0000000713600000, 0x0000000713600000|100%| E|CS|TAMS 0x0000000713400000, 0x0000000713400000| Complete 

Card table byte_map: [0x0000029a70160000,0x0000029a70950000] _byte_map_base: 0x0000029a6c944000

Marking Bits (Prev, Next): (CMBitMap*) 0x0000029a69201740, (CMBitMap*) 0x0000029a69201700
 Prev Bits: [0x0000029a75060000, 0x0000029a78f80000)
 Next Bits: [0x0000029a71140000, 0x0000029a75060000)

Polling page: 0x0000029a66fc0000

Metaspace:

Usage:
  Non-class:     64.37 MB used.
      Class:      9.64 MB used.
       Both:     74.01 MB used.

Virtual space:
  Non-class space:       72.00 MB reserved,      64.56 MB ( 90%) committed,  9 nodes.
      Class space:        1.00 GB reserved,       9.88 MB ( <1%) committed,  1 nodes.
             Both:        1.07 GB reserved,      74.44 MB (  7%) committed. 

Chunk freelists:
   Non-Class:  3.25 MB
       Class:  2.16 MB
        Both:  5.41 MB

MaxMetaspaceSize: unlimited
CompressedClassSpaceSize: 1.00 GB
Initial GC threshold: 21.00 MB
Current GC threshold: 99.31 MB
CDS: off
MetaspaceReclaimPolicy: balanced
 - commit_granule_bytes: 65536.
 - commit_granule_words: 8192.
 - virtual_space_node_default_size: 1048576.
 - enlarge_chunks_in_place: 1.
 - new_chunks_are_fully_committed: 0.
 - uncommit_free_chunks: 1.
 - use_allocation_guard: 0.
 - handle_deallocations: 1.


Internal statistics:

num_allocs_failed_limit: 11.
num_arena_births: 572.
num_arena_deaths: 0.
num_vsnodes_births: 10.
num_vsnodes_deaths: 0.
num_space_committed: 1191.
num_space_uncommitted: 0.
num_chunks_returned_to_freelist: 11.
num_chunks_taken_from_freelist: 2943.
num_chunk_merges: 11.
num_chunk_splits: 2177.
num_chunks_enlarged: 1752.
num_purges: 0.
num_inconsistent_stats: 0.

CodeCache: size=49152Kb used=11014Kb max_used=12170Kb free=38138Kb
 bounds [0x0000029a6c860000, 0x0000029a6d450000, 0x0000029a6f860000]
 total_blobs=6468 nmethods=5752 adapters=643
 compilation: enabled
              stopped_count=0, restarted_count=0
 full_count=0

Compilation events (20 events):
Event: 273.350 Thread 0x0000029a7c46c830 5743       1       java.util.HashMap$Values::toArray (16 bytes)
Event: 273.350 Thread 0x0000029a7c46c830 nmethod 5743 0x0000029a6cabef10 code [0x0000029a6cabf0c0, 0x0000029a6cabf1f8]
Event: 283.351 Thread 0x0000029a7c46c830 5744       1       java.lang.Thread::setContextClassLoader (28 bytes)
Event: 283.351 Thread 0x0000029a7c46c830 nmethod 5744 0x0000029a6cabe990 code [0x0000029a6cabeb40, 0x0000029a6cabedd8]
Event: 291.958 Thread 0x0000029a7c46c830 5745       1       java.nio.MappedByteBuffer::flip (5 bytes)
Event: 291.959 Thread 0x0000029a7c46c830 nmethod 5745 0x0000029a6cabe690 code [0x0000029a6cabe820, 0x0000029a6cabe8f8]
Event: 291.959 Thread 0x0000029a7c46c830 5746       1       java.nio.MappedByteBuffer::flip (7 bytes)
Event: 291.959 Thread 0x0000029a7c46c830 nmethod 5746 0x0000029a6cabe390 code [0x0000029a6cabe520, 0x0000029a6cabe5f8]
Event: 291.959 Thread 0x0000029a7c46c830 5747       1       java.nio.HeapByteBuffer::put (12 bytes)
Event: 291.960 Thread 0x0000029a7c46c830 nmethod 5747 0x0000029a6cabdf90 code [0x0000029a6cabe140, 0x0000029a6cabe2c8]
Event: 294.772 Thread 0x0000029a7c46c830 5748       1       org.apache.kafka.common.network.NetworkSend::destinationId (5 bytes)
Event: 294.772 Thread 0x0000029a7c46c830 nmethod 5748 0x0000029a6cabdc90 code [0x0000029a6cabde20, 0x0000029a6cabdef8]
Event: 301.111 Thread 0x0000029a7c46c830 5749       1       sun.nio.ch.NioSocketImpl::ensureOpenAndConnected (36 bytes)
Event: 301.111 Thread 0x0000029a7c46c830 nmethod 5749 0x0000029a6cabd710 code [0x0000029a6cabd8e0, 0x0000029a6cabdb38]
Event: 306.004 Thread 0x0000029a7c46c830 5750       1       org.springframework.boot.ansi.AnsiColor::toString (5 bytes)
Event: 306.004 Thread 0x0000029a7c46c830 nmethod 5750 0x0000029a6cabd410 code [0x0000029a6cabd5a0, 0x0000029a6cabd678]
Event: 323.378 Thread 0x0000029a7c46c830 5751       1       org.apache.catalina.core.ContainerBase::getBackgroundProcessorDelay (5 bytes)
Event: 323.379 Thread 0x0000029a7c46c830 nmethod 5751 0x0000029a6cabd110 code [0x0000029a6cabd2a0, 0x0000029a6cabd378]
Event: 353.414 Thread 0x0000029a7c46c830 5752       1       java.util.EventObject::getSource (5 bytes)
Event: 353.414 Thread 0x0000029a7c46c830 nmethod 5752 0x0000029a6cabce10 code [0x0000029a6cabcfa0, 0x0000029a6cabd078]

GC Heap History (20 events):
Event: 2.708 GC heap before
{Heap before GC invocations=10 (full 0):
 garbage-first heap   total 61440K, used 49594K [0x0000000703800000, 0x0000000800000000)
  region size 2048K, 21 young (43008K), 3 survivors (6144K)
 Metaspace       used 39354K, committed 39744K, reserved 1089536K
  class space    used 4938K, committed 5120K, reserved 1048576K
}
Event: 2.717 GC heap after
{Heap after GC invocations=11 (full 0):
 garbage-first heap   total 61440K, used 16676K [0x0000000703800000, 0x0000000800000000)
  region size 2048K, 2 young (4096K), 2 survivors (4096K)
 Metaspace       used 39354K, committed 39744K, reserved 1089536K
  class space    used 4938K, committed 5120K, reserved 1048576K
}
Event: 2.734 GC heap before
{Heap before GC invocations=11 (full 0):
 garbage-first heap   total 61440K, used 18724K [0x0000000703800000, 0x0000000800000000)
  region size 2048K, 3 young (6144K), 2 survivors (4096K)
 Metaspace       used 39575K, committed 39936K, reserved 1089536K
  class space    used 4955K, committed 5120K, reserved 1048576K
}
Event: 2.741 GC heap after
{Heap after GC invocations=12 (full 0):
 garbage-first heap   total 161792K, used 17118K [0x0000000703800000, 0x0000000800000000)
  region size 2048K, 1 young (2048K), 1 survivors (2048K)
 Metaspace       used 39575K, committed 39936K, reserved 1089536K
  class space    used 4955K, committed 5120K, reserved 1048576K
}
Event: 3.460 GC heap before
{Heap before GC invocations=12 (full 0):
 garbage-first heap   total 161792K, used 111326K [0x0000000703800000, 0x0000000800000000)
  region size 2048K, 47 young (96256K), 1 survivors (2048K)
 Metaspace       used 48387K, committed 48768K, reserved 1097728K
  class space    used 6031K, committed 6208K, reserved 1048576K
}
Event: 3.464 GC heap after
{Heap after GC invocations=13 (full 0):
 garbage-first heap   total 161792K, used 19281K [0x0000000703800000, 0x0000000800000000)
  region size 2048K, 2 young (4096K), 2 survivors (4096K)
 Metaspace       used 48387K, committed 48768K, reserved 1097728K
  class space    used 6031K, committed 6208K, reserved 1048576K
}
Event: 4.152 GC heap before
{Heap before GC invocations=13 (full 0):
 garbage-first heap   total 161792K, used 113489K [0x0000000703800000, 0x0000000800000000)
  region size 2048K, 47 young (96256K), 2 survivors (4096K)
 Metaspace       used 56706K, committed 57024K, reserved 1105920K
  class space    used 7357K, committed 7488K, reserved 1048576K
}
Event: 4.157 GC heap after
{Heap after GC invocations=14 (full 0):
 garbage-first heap   total 161792K, used 23169K [0x0000000703800000, 0x0000000800000000)
  region size 2048K, 3 young (6144K), 3 survivors (6144K)
 Metaspace       used 56706K, committed 57024K, reserved 1105920K
  class space    used 7357K, committed 7488K, reserved 1048576K
}
Event: 4.536 GC heap before
{Heap before GC invocations=14 (full 0):
 garbage-first heap   total 161792K, used 68225K [0x0000000703800000, 0x0000000800000000)
  region size 2048K, 26 young (53248K), 3 survivors (6144K)
 Metaspace       used 60457K, committed 60800K, reserved 1105920K
  class space    used 7938K, committed 8128K, reserved 1048576K
}
Event: 4.541 GC heap after
{Heap after GC invocations=15 (full 0):
 garbage-first heap   total 161792K, used 24118K [0x0000000703800000, 0x0000000800000000)
  region size 2048K, 3 young (6144K), 3 survivors (6144K)
 Metaspace       used 60457K, committed 60800K, reserved 1105920K
  class space    used 7938K, committed 8128K, reserved 1048576K
}
Event: 4.903 GC heap before
{Heap before GC invocations=16 (full 0):
 garbage-first heap   total 90112K, used 71222K [0x0000000703800000, 0x0000000800000000)
  region size 2048K, 26 young (53248K), 3 survivors (6144K)
 Metaspace       used 63050K, committed 63488K, reserved 1105920K
  class space    used 8340K, committed 8576K, reserved 1048576K
}
Event: 4.909 GC heap after
{Heap after GC invocations=17 (full 0):
 garbage-first heap   total 90112K, used 26273K [0x0000000703800000, 0x0000000800000000)
  region size 2048K, 3 young (6144K), 3 survivors (6144K)
 Metaspace       used 63050K, committed 63488K, reserved 1105920K
  class space    used 8340K, committed 8576K, reserved 1048576K
}
Event: 4.931 GC heap before
{Heap before GC invocations=17 (full 0):
 garbage-first heap   total 90112K, used 28321K [0x0000000703800000, 0x0000000800000000)
  region size 2048K, 4 young (8192K), 3 survivors (6144K)
 Metaspace       used 63168K, committed 63616K, reserved 1105920K
  class space    used 8362K, committed 8576K, reserved 1048576K
}
Event: 4.936 GC heap after
{Heap after GC invocations=18 (full 0):
 garbage-first heap   total 90112K, used 26565K [0x0000000703800000, 0x0000000800000000)
  region size 2048K, 1 young (2048K), 1 survivors (2048K)
 Metaspace       used 63168K, committed 63616K, reserved 1105920K
  class space    used 8362K, committed 8576K, reserved 1048576K
}
Event: 5.316 GC heap before
{Heap before GC invocations=18 (full 0):
 garbage-first heap   total 90112K, used 71621K [0x0000000703800000, 0x0000000800000000)
  region size 2048K, 23 young (47104K), 1 survivors (2048K)
 Metaspace       used 65833K, committed 66240K, reserved 1114112K
  class space    used 8769K, committed 8960K, reserved 1048576K
}
Event: 5.320 GC heap after
{Heap after GC invocations=19 (full 0):
 garbage-first heap   total 90112K, used 28382K [0x0000000703800000, 0x0000000800000000)
  region size 2048K, 2 young (4096K), 2 survivors (4096K)
 Metaspace       used 65833K, committed 66240K, reserved 1114112K
  class space    used 8769K, committed 8960K, reserved 1048576K
}
Event: 5.608 GC heap before
{Heap before GC invocations=19 (full 0):
 garbage-first heap   total 90112K, used 71390K [0x0000000703800000, 0x0000000800000000)
  region size 2048K, 23 young (47104K), 2 survivors (4096K)
 Metaspace       used 69652K, committed 70016K, reserved 1114112K
  class space    used 9173K, committed 9344K, reserved 1048576K
}
Event: 5.613 GC heap after
{Heap after GC invocations=20 (full 0):
 garbage-first heap   total 90112K, used 29224K [0x0000000703800000, 0x0000000800000000)
  region size 2048K, 2 young (4096K), 2 survivors (4096K)
 Metaspace       used 69652K, committed 70016K, reserved 1114112K
  class space    used 9173K, committed 9344K, reserved 1048576K
}
Event: 5.863 GC heap before
{Heap before GC invocations=20 (full 0):
 garbage-first heap   total 90112K, used 70184K [0x0000000703800000, 0x0000000800000000)
  region size 2048K, 23 young (47104K), 2 survivors (4096K)
 Metaspace       used 73409K, committed 73920K, reserved 1114112K
  class space    used 9476K, committed 9728K, reserved 1048576K
}
Event: 5.868 GC heap after
{Heap after GC invocations=21 (full 0):
 garbage-first heap   total 180224K, used 29962K [0x0000000703800000, 0x0000000800000000)
  region size 2048K, 1 young (2048K), 1 survivors (2048K)
 Metaspace       used 73409K, committed 73920K, reserved 1114112K
  class space    used 9476K, committed 9728K, reserved 1048576K
}

Deoptimization events (20 events):
Event: 5.330 Thread 0x0000029a691ae6f0 DEOPT PACKING pc=0x0000029a6cd324e4 sp=0x000000eea36fda20
Event: 5.330 Thread 0x0000029a691ae6f0 DEOPT UNPACKING pc=0x0000029a6c8b2b43 sp=0x000000eea36fceb8 mode 1
Event: 5.330 Thread 0x0000029a691ae6f0 DEOPT PACKING pc=0x0000029a6cd2507c sp=0x000000eea36fdaf0
Event: 5.330 Thread 0x0000029a691ae6f0 DEOPT UNPACKING pc=0x0000029a6c8b2b43 sp=0x000000eea36fcfa8 mode 1
Event: 5.330 Thread 0x0000029a691ae6f0 DEOPT PACKING pc=0x0000029a6ccd94dc sp=0x000000eea36fe4e0
Event: 5.330 Thread 0x0000029a691ae6f0 DEOPT UNPACKING pc=0x0000029a6c8b2b43 sp=0x000000eea36fd9d0 mode 1
Event: 5.330 Thread 0x0000029a691ae6f0 DEOPT PACKING pc=0x0000029a6cd324e4 sp=0x000000eea36fd9b0
Event: 5.330 Thread 0x0000029a691ae6f0 DEOPT UNPACKING pc=0x0000029a6c8b2b43 sp=0x000000eea36fce48 mode 1
Event: 5.330 Thread 0x0000029a691ae6f0 DEOPT PACKING pc=0x0000029a6cd2507c sp=0x000000eea36fda80
Event: 5.330 Thread 0x0000029a691ae6f0 DEOPT UNPACKING pc=0x0000029a6c8b2b43 sp=0x000000eea36fcf38 mode 1
Event: 5.330 Thread 0x0000029a691ae6f0 DEOPT PACKING pc=0x0000029a6ccd94dc sp=0x000000eea36fe470
Event: 5.330 Thread 0x0000029a691ae6f0 DEOPT UNPACKING pc=0x0000029a6c8b2b43 sp=0x000000eea36fd960 mode 1
Event: 5.330 Thread 0x0000029a691ae6f0 DEOPT PACKING pc=0x0000029a6ceee1a4 sp=0x000000eea36fe4b0
Event: 5.330 Thread 0x0000029a691ae6f0 DEOPT UNPACKING pc=0x0000029a6c8b2b43 sp=0x000000eea36fd980 mode 1
Event: 5.530 Thread 0x0000029a691ae6f0 DEOPT PACKING pc=0x0000029a6cd324e4 sp=0x000000eea36fdb00
Event: 5.530 Thread 0x0000029a691ae6f0 DEOPT UNPACKING pc=0x0000029a6c8b2b43 sp=0x000000eea36fcf98 mode 1
Event: 5.530 Thread 0x0000029a691ae6f0 DEOPT PACKING pc=0x0000029a6cd2507c sp=0x000000eea36fdbd0
Event: 5.530 Thread 0x0000029a691ae6f0 DEOPT UNPACKING pc=0x0000029a6c8b2b43 sp=0x000000eea36fd088 mode 1
Event: 5.796 Thread 0x0000029a00bc5ef0 DEOPT PACKING pc=0x0000029a6d22cd34 sp=0x000000eea68fe190
Event: 5.796 Thread 0x0000029a00bc5ef0 DEOPT UNPACKING pc=0x0000029a6c8b2b43 sp=0x000000eea68fd638 mode 0

Classes unloaded (0 events):
No events

Classes redefined (4 events):
Event: 170.400 Thread 0x0000029a7ba4da80 redefined class name=com.customer.consumer.masking.CustomerMaskConverter, count=1
Event: 177.388 Thread 0x0000029a7ba4da80 redefined class name=com.customer.consumer.masking.CustomerMaskConverter, count=2
Event: 219.737 Thread 0x0000029a7ba4da80 redefined class name=com.customer.consumer.masking.CustomerMaskConverter, count=3
Event: 357.634 Thread 0x0000029a7ba4da80 redefined class name=com.customer.consumer.masking.CustomerMaskConverter, count=4

Internal exceptions (20 events):
Event: 4.901 Thread 0x0000029a691ae6f0 Exception <a 'java/lang/ClassNotFoundException'{0x0000000705dd28d8}: org/springframework/beans/factory/AwareCustomizer> (0x0000000705dd28d8) 
thrown [e:\jenkins\tmp\workspace\build\src\src\hotspot\share\classfile\systemDictionary.cpp, line 256]
Event: 4.901 Thread 0x0000029a691ae6f0 Exception <a 'java/lang/ClassNotFoundException'{0x0000000705dd78a8}: org/springframework/web/context/ServletContextAwareCustomizer> (0x0000000705dd78a8) 
thrown [e:\jenkins\tmp\workspace\build\src\src\hotspot\share\classfile\systemDictionary.cpp, line 256]
Event: 4.901 Thread 0x0000029a691ae6f0 Exception <a 'java/lang/ClassNotFoundException'{0x0000000705ddd878}: org/springframework/beans/factory/AwareCustomizer> (0x0000000705ddd878) 
thrown [e:\jenkins\tmp\workspace\build\src\src\hotspot\share\classfile\systemDictionary.cpp, line 256]
Event: 5.023 Thread 0x0000029a691ae6f0 Exception <a 'java/lang/NoSuchMethodError'{0x0000000708555628}: 'void java.lang.invoke.DirectMethodHandle$Holder.invokeVirtual(java.lang.Object, java.lang.Object, int)'> (0x0000000708555628) 
thrown [e:\jenkins\tmp\workspace\build\src\src\hotspot\share\interpreter\linkResolver.cpp, line 766]
Event: 5.024 Thread 0x0000029a691ae6f0 Exception <a 'java/lang/NoSuchMethodError'{0x00000007085701d0}: 'void java.lang.invoke.DirectMethodHandle$Holder.invokeVirtual(java.lang.Object, java.lang.Object, long)'> (0x00000007085701d0) 
thrown [e:\jenkins\tmp\workspace\build\src\src\hotspot\share\interpreter\linkResolver.cpp, line 766]
Event: 5.126 Thread 0x0000029a691ae6f0 Exception <a 'java/lang/IncompatibleClassChangeError'{0x0000000707611b38}: Found class java.lang.Object, but interface was expected> (0x0000000707611b38) 
thrown [e:\jenkins\tmp\workspace\build\src\src\hotspot\share\interpreter\linkResolver.cpp, line 833]
Event: 5.155 Thread 0x0000029a691ae6f0 Exception <a 'java/lang/NoSuchMethodError'{0x000000070752e380}: 'int java.lang.invoke.DirectMethodHandle$Holder.invokeStaticInit(java.lang.Object, java.lang.Object, java.lang.Object, java.lang.Object)'> (0x000000070752e380) 
thrown [e:\jenkins\tmp\workspace\build\src\src\hotspot\share\interpreter\linkResolver.cpp, line 766]
Event: 5.284 Thread 0x0000029a691ae6f0 Exception <a 'java/lang/NoSuchMethodError'{0x000000070652bcc8}: 'void java.lang.invoke.DirectMethodHandle$Holder.invokeVirtual(java.lang.Object, java.lang.Object, float)'> (0x000000070652bcc8) 
thrown [e:\jenkins\tmp\workspace\build\src\src\hotspot\share\interpreter\linkResolver.cpp, line 766]
Event: 5.328 Thread 0x0000029a691ae6f0 Exception <a 'java/lang/ClassNotFoundException'{0x0000000713502628}: java/lang/ObjectCustomizer> (0x0000000713502628) 
thrown [e:\jenkins\tmp\workspace\build\src\src\hotspot\share\classfile\systemDictionary.cpp, line 256]
Event: 5.329 Thread 0x0000029a691ae6f0 Exception <a 'java/lang/ClassNotFoundException'{0x000000071350abe8}: org/springframework/kafka/listener/ConsumerPropertiesCustomizer> (0x000000071350abe8) 
thrown [e:\jenkins\tmp\workspace\build\src\src\hotspot\share\classfile\systemDictionary.cpp, line 256]
Event: 5.330 Thread 0x0000029a691ae6f0 Exception <a 'java/lang/ClassNotFoundException'{0x000000071352fea8}: org/springframework/kafka/listener/ContainerPropertiesCustomizer> (0x000000071352fea8) 
thrown [e:\jenkins\tmp\workspace\build\src\src\hotspot\share\classfile\systemDictionary.cpp, line 256]
Event: 5.361 Thread 0x0000029a691ae6f0 Exception <a 'java/lang/NoSuchMethodError'{0x000000070a442848}: 'java.lang.Object java.lang.invoke.DirectMethodHandle$Holder.invokeSpecial(java.lang.Object, java.lang.Object, int, java.lang.Object, int, java.lang.Object)'> (0x000000070a442848) 
thrown [e:\jenkins\tmp\workspace\build\src\src\hotspot\share\interpreter\linkResolver.cpp, line 766]
Event: 5.361 Thread 0x0000029a691ae6f0 Exception <a 'java/lang/NoSuchMethodError'{0x000000070a44a648}: 'java.lang.Object java.lang.invoke.DirectMethodHandle$Holder.newInvokeSpecial(java.lang.Object, java.lang.Object, int, java.lang.Object, int)'> (0x000000070a44a648) 
thrown [e:\jenkins\tmp\workspace\build\src\src\hotspot\share\interpreter\linkResolver.cpp, line 766]
Event: 5.361 Thread 0x0000029a691ae6f0 Exception <a 'java/lang/NoSuchMethodError'{0x000000070a44e748}: 'java.lang.Object java.lang.invoke.DirectMethodHandle$Holder.invokeSpecial(java.lang.Object, java.lang.Object, java.lang.Object, int, java.lang.Object, int)'> (0x000000070a44e748) 
thrown [e:\jenkins\tmp\workspace\build\src\src\hotspot\share\interpreter\linkResolver.cpp, line 766]
Event: 5.363 Thread 0x0000029a691ae6f0 Exception <a 'java/lang/NoSuchMethodError'{0x000000070a45e208}: 'void java.lang.invoke.DirectMethodHandle$Holder.invokeVirtual(java.lang.Object, java.lang.Object)'> (0x000000070a45e208) 
thrown [e:\jenkins\tmp\workspace\build\src\src\hotspot\share\interpreter\linkResolver.cpp, line 766]
Event: 5.846 Thread 0x0000029a00bc5ef0 Exception <a 'java/lang/NoSuchMethodError'{0x00000007068b4918}: 'java.lang.Object java.lang.invoke.DirectMethodHandle$Holder.newInvokeSpecial(java.lang.Object, java.lang.Object, long)'> (0x00000007068b4918) 
thrown [e:\jenkins\tmp\workspace\build\src\src\hotspot\share\interpreter\linkResolver.cpp, line 766]
Event: 5.847 Thread 0x0000029a00bc5ef0 Exception <a 'java/lang/NoSuchMethodError'{0x00000007068be008}: 'java.lang.Object java.lang.invoke.DirectMethodHandle$Holder.newInvokeSpecial(java.lang.Object, long)'> (0x00000007068be008) 
thrown [e:\jenkins\tmp\workspace\build\src\src\hotspot\share\interpreter\linkResolver.cpp, line 766]
Event: 5.974 Thread 0x0000029a00bc5ef0 Exception <a 'java/lang/NoSuchMethodError'{0x000000070df48218}: 'java.lang.Object java.lang.invoke.DirectMethodHandle$Holder.invokeVirtual(java.lang.Object, java.lang.Object, int)'> (0x000000070df48218) 
thrown [e:\jenkins\tmp\workspace\build\src\src\hotspot\share\interpreter\linkResolver.cpp, line 766]
Event: 5.997 Thread 0x0000029a00bc5ef0 Exception <a 'java/lang/NoSuchMethodError'{0x000000070dcd4090}: 'java.lang.Object java.lang.invoke.DirectMethodHandle$Holder.newInvokeSpecial(java.lang.Object, java.lang.Object, int, java.lang.Object)'> (0x000000070dcd4090) 
thrown [e:\jenkins\tmp\workspace\build\src\src\hotspot\share\interpreter\linkResolver.cpp, line 766]
Event: 5.997 Thread 0x0000029a00bc5ef0 Exception <a 'java/lang/NoSuchMethodError'{0x000000070dcd7c58}: 'java.lang.Object java.lang.invoke.Invokers$Holder.linkToTargetMethod(java.lang.Object, int, java.lang.Object, java.lang.Object)'> (0x000000070dcd7c58) 
thrown [e:\jenkins\tmp\workspace\build\src\src\hotspot\share\interpreter\linkResolver.cpp, line 766]

VM Operations (20 events):
Event: 265.786 Executing VM operation: get/set locals
Event: 265.786 Executing VM operation: get/set locals done
Event: 295.801 Executing VM operation: Cleanup
Event: 295.801 Executing VM operation: Cleanup done
Event: 306.838 Executing VM operation: Cleanup
Event: 306.838 Executing VM operation: Cleanup done
Event: 357.612 Executing VM operation: ChangeSingleStep
Event: 357.612 Executing VM operation: ChangeSingleStep done
Event: 357.612 Executing VM operation: ChangeSingleStep
Event: 357.612 Executing VM operation: ChangeSingleStep done
Event: 357.628 Executing VM operation: RedefineClasses
Event: 357.653 Executing VM operation: RedefineClasses done
Event: 357.667 Executing VM operation: ChangeBreakpoints
Event: 357.669 Executing VM operation: ChangeBreakpoints done
Event: 357.672 Executing VM operation: ChangeSingleStep
Event: 357.672 Executing VM operation: ChangeSingleStep done
Event: 357.672 Executing VM operation: get/set locals
Event: 357.673 Executing VM operation: get/set locals done
Event: 357.674 Executing VM operation: ChangeSingleStep
Event: 357.674 Executing VM operation: ChangeSingleStep done

Events (20 events):
Event: 6.021 loading class org/w3c/dom/Document
Event: 6.021 loading class org/w3c/dom/Document done
Event: 6.757 Thread 0x0000029a00bc93e0 Thread exited: 0x0000029a00bc93e0
Event: 6.767 Thread 0x0000029a00bcc8d0 Thread exited: 0x0000029a00bcc8d0
Event: 7.872 Thread 0x0000029a7c54e510 Thread exited: 0x0000029a7c54e510
Event: 8.291 Thread 0x0000029a7e0ee0c0 Thread exited: 0x0000029a7e0ee0c0
Event: 9.081 Thread 0x0000029a7c54e000 Thread exited: 0x0000029a7c54e000
Event: 10.044 Thread 0x0000029a7c4dcb50 Thread exited: 0x0000029a7c4dcb50
Event: 30.851 loading class java/util/regex/Pattern$Behind
Event: 30.851 loading class java/util/regex/Pattern$Behind done
Event: 40.153 Thread 0x0000029a7e52e8a0 Thread added: 0x0000029a7e52e8a0
Event: 40.153 Thread 0x0000029a7c630950 Thread added: 0x0000029a7c630950
Event: 43.545 Thread 0x0000029a7c630950 Thread exited: 0x0000029a7c630950
Event: 45.282 Thread 0x0000029a7e52e8a0 Thread exited: 0x0000029a7e52e8a0
Event: 91.024 Thread 0x0000029a00bcba60 Thread exited: 0x0000029a00bcba60
Event: 91.024 Thread 0x0000029a00bc98b0 Thread exited: 0x0000029a00bc98b0
Event: 91.024 Thread 0x0000029a7df53970 Thread exited: 0x0000029a7df53970
Event: 91.024 Thread 0x0000029a00bc6890 Thread exited: 0x0000029a00bc6890
Event: 91.029 Thread 0x0000029a00bcbf30 Thread exited: 0x0000029a00bcbf30
Event: 91.029 Thread 0x0000029a00bc8f10 Thread exited: 0x0000029a00bc8f10


Dynamic libraries:
0x00007ff628750000 - 0x00007ff62875e000 	C:\Users\kgovinda\Downloads\sts-4.14.1.RELEASE\plugins\org.eclipse.justj.openjdk.hotspot.jre.full.win32.x86_64_17.0.2.v20220201-1208\jre\bin\javaw.exe
0x00007ffff9d30000 - 0x00007ffff9f25000 	C:\Windows\SYSTEM32\ntdll.dll
0x00007ffff9a90000 - 0x00007ffff9b4d000 	C:\Windows\System32\KERNEL32.DLL
0x00007ffff97c0000 - 0x00007ffff9a8d000 	C:\Windows\System32\KERNELBASE.dll
0x00007ffff76b0000 - 0x00007ffff77b0000 	C:\Windows\System32\ucrtbase.dll
0x00007fffec090000 - 0x00007fffec0a8000 	C:\Users\kgovinda\Downloads\sts-4.14.1.RELEASE\plugins\org.eclipse.justj.openjdk.hotspot.jre.full.win32.x86_64_17.0.2.v20220201-1208\jre\bin\jli.dll
0x00007fffea3d0000 - 0x00007fffea3e9000 	C:\Users\kgovinda\Downloads\sts-4.14.1.RELEASE\plugins\org.eclipse.justj.openjdk.hotspot.jre.full.win32.x86_64_17.0.2.v20220201-1208\jre\bin\VCRUNTIME140.dll
0x00007ffff9b50000 - 0x00007ffff9cf0000 	C:\Windows\System32\USER32.dll
0x00007fffd53e0000 - 0x00007fffd567a000 	C:\Windows\WinSxS\amd64_microsoft.windows.common-controls_6595b64144ccf1df_6.0.19041.1110_none_60b5254171f9507e\COMCTL32.dll
0x00007ffff74b0000 - 0x00007ffff74d2000 	C:\Windows\System32\win32u.dll
0x00007ffff9190000 - 0x00007ffff922e000 	C:\Windows\System32\msvcrt.dll
0x00007ffff8eb0000 - 0x00007ffff8eda000 	C:\Windows\System32\GDI32.dll
0x00007ffff78c0000 - 0x00007ffff79cb000 	C:\Windows\System32\gdi32full.dll
0x00007ffff79d0000 - 0x00007ffff7a6d000 	C:\Windows\System32\msvcp_win.dll
0x00007ffff8430000 - 0x00007ffff8460000 	C:\Windows\System32\IMM32.DLL
0x00007fffed730000 - 0x00007fffed73c000 	C:\Users\kgovinda\Downloads\sts-4.14.1.RELEASE\plugins\org.eclipse.justj.openjdk.hotspot.jre.full.win32.x86_64_17.0.2.v20220201-1208\jre\bin\vcruntime140_1.dll
0x00007fff989c0000 - 0x00007fff98a51000 	C:\Users\kgovinda\Downloads\sts-4.14.1.RELEASE\plugins\org.eclipse.justj.openjdk.hotspot.jre.full.win32.x86_64_17.0.2.v20220201-1208\jre\bin\msvcp140.dll
0x00007fff73790000 - 0x00007fff743d7000 	C:\Users\kgovinda\Downloads\sts-4.14.1.RELEASE\plugins\org.eclipse.justj.openjdk.hotspot.jre.full.win32.x86_64_17.0.2.v20220201-1208\jre\bin\server\jvm.dll
0x00007ffff89c0000 - 0x00007ffff8a6e000 	C:\Windows\System32\ADVAPI32.dll
0x00007ffff8d20000 - 0x00007ffff8dbc000 	C:\Windows\System32\sechost.dll
0x00007ffff9690000 - 0x00007ffff97b5000 	C:\Windows\System32\RPCRT4.dll
0x00007ffff89b0000 - 0x00007ffff89b8000 	C:\Windows\System32\PSAPI.DLL
0x00007ffff1600000 - 0x00007ffff1627000 	C:\Windows\SYSTEM32\WINMM.dll
0x00007fffee1c0000 - 0x00007fffee1c9000 	C:\Windows\SYSTEM32\WSOCK32.dll
0x00007fffec400000 - 0x00007fffec40a000 	C:\Windows\SYSTEM32\VERSION.dll
0x00007ffff8cb0000 - 0x00007ffff8d1b000 	C:\Windows\System32\WS2_32.dll
0x00007ffff5e50000 - 0x00007ffff5e62000 	C:\Windows\SYSTEM32\kernel.appcore.dll
0x00007fffee1e0000 - 0x00007fffee1ea000 	C:\Users\kgovinda\Downloads\sts-4.14.1.RELEASE\plugins\org.eclipse.justj.openjdk.hotspot.jre.full.win32.x86_64_17.0.2.v20220201-1208\jre\bin\jimage.dll
0x00007ffff58f0000 - 0x00007ffff5ad4000 	C:\Windows\SYSTEM32\DBGHELP.DLL
0x00007ffff15d0000 - 0x00007ffff15fc000 	C:\Windows\SYSTEM32\dbgcore.DLL
0x00007ffff77b0000 - 0x00007ffff7832000 	C:\Windows\System32\bcryptPrimitives.dll
0x00007fffd7020000 - 0x00007fffd705b000 	C:\Users\kgovinda\Downloads\sts-4.14.1.RELEASE\plugins\org.eclipse.justj.openjdk.hotspot.jre.full.win32.x86_64_17.0.2.v20220201-1208\jre\bin\jdwp.dll
0x00007fffec1f0000 - 0x00007fffec1fe000 	C:\Users\kgovinda\Downloads\sts-4.14.1.RELEASE\plugins\org.eclipse.justj.openjdk.hotspot.jre.full.win32.x86_64_17.0.2.v20220201-1208\jre\bin\instrument.dll
0x00007fffed960000 - 0x00007fffed985000 	C:\Users\kgovinda\Downloads\sts-4.14.1.RELEASE\plugins\org.eclipse.justj.openjdk.hotspot.jre.full.win32.x86_64_17.0.2.v20220201-1208\jre\bin\java.dll
0x00007fffee1a0000 - 0x00007fffee1b8000 	C:\Users\kgovinda\Downloads\sts-4.14.1.RELEASE\plugins\org.eclipse.justj.openjdk.hotspot.jre.full.win32.x86_64_17.0.2.v20220201-1208\jre\bin\zip.dll
0x00007ffff7b50000 - 0x00007ffff8294000 	C:\Windows\System32\SHELL32.dll
0x00007ffff5150000 - 0x00007ffff58e4000 	C:\Windows\SYSTEM32\windows.storage.dll
0x00007ffff92f0000 - 0x00007ffff9644000 	C:\Windows\System32\combase.dll
0x00007ffff6e60000 - 0x00007ffff6e8c000 	C:\Windows\SYSTEM32\Wldp.dll
0x00007ffff8a80000 - 0x00007ffff8b2d000 	C:\Windows\System32\SHCORE.dll
0x00007ffff8e50000 - 0x00007ffff8ea5000 	C:\Windows\System32\shlwapi.dll
0x00007ffff7340000 - 0x00007ffff735f000 	C:\Windows\SYSTEM32\profapi.dll
0x00007fffec1e0000 - 0x00007fffec1ec000 	C:\Users\kgovinda\Downloads\sts-4.14.1.RELEASE\plugins\org.eclipse.justj.openjdk.hotspot.jre.full.win32.x86_64_17.0.2.v20220201-1208\jre\bin\dt_socket.dll
0x00007ffff6860000 - 0x00007ffff689b000 	C:\Windows\SYSTEM32\IPHLPAPI.DLL
0x00007ffff6bc0000 - 0x00007ffff6c2a000 	C:\Windows\system32\mswsock.dll
0x00007ffff68b0000 - 0x00007ffff697b000 	C:\Windows\SYSTEM32\DNSAPI.dll
0x00007ffff9230000 - 0x00007ffff9238000 	C:\Windows\System32\NSI.dll
0x00007fffec490000 - 0x00007fffec49a000 	C:\Windows\System32\rasadhlp.dll
0x00007fffedf40000 - 0x00007fffedfc0000 	C:\Windows\System32\fwpuclnt.dll
0x00007ffff7890000 - 0x00007ffff78b7000 	C:\Windows\System32\bcrypt.dll
0x00007fffedb40000 - 0x00007fffedb59000 	C:\Users\kgovinda\Downloads\sts-4.14.1.RELEASE\plugins\org.eclipse.justj.openjdk.hotspot.jre.full.win32.x86_64_17.0.2.v20220201-1208\jre\bin\net.dll
0x00007ffff11e0000 - 0x00007ffff12ea000 	C:\Windows\SYSTEM32\WINHTTP.dll
0x00007fffed9a0000 - 0x00007fffed9b5000 	C:\Users\kgovinda\Downloads\sts-4.14.1.RELEASE\plugins\org.eclipse.justj.openjdk.hotspot.jre.full.win32.x86_64_17.0.2.v20220201-1208\jre\bin\nio.dll
0x00007fffed700000 - 0x00007fffed709000 	C:\Users\kgovinda\Downloads\sts-4.14.1.RELEASE\plugins\org.eclipse.justj.openjdk.hotspot.jre.full.win32.x86_64_17.0.2.v20220201-1208\jre\bin\management.dll
0x00007fffd5b70000 - 0x00007fffd5b7b000 	C:\Users\kgovinda\Downloads\sts-4.14.1.RELEASE\plugins\org.eclipse.justj.openjdk.hotspot.jre.full.win32.x86_64_17.0.2.v20220201-1208\jre\bin\management_ext.dll
0x00007fffdcd00000 - 0x00007fffdcd17000 	C:\Windows\system32\napinsp.dll
0x00007fffdcce0000 - 0x00007fffdccfb000 	C:\Windows\system32\pnrpnsp.dll
0x00007fffee550000 - 0x00007fffee565000 	C:\Windows\system32\wshbth.dll
0x00007fffeb760000 - 0x00007fffeb77d000 	C:\Windows\system32\NLAapi.dll
0x00007fffdcbc0000 - 0x00007fffdcbd2000 	C:\Windows\System32\winrnr.dll
0x00007ffff6db0000 - 0x00007ffff6dc8000 	C:\Windows\SYSTEM32\CRYPTSP.dll
0x00007ffff64d0000 - 0x00007ffff6504000 	C:\Windows\system32\rsaenh.dll
0x00007ffff7300000 - 0x00007ffff732e000 	C:\Windows\SYSTEM32\USERENV.dll
0x00007ffff6dd0000 - 0x00007ffff6ddc000 	C:\Windows\SYSTEM32\CRYPTBASE.dll
0x00007fffedb10000 - 0x00007fffedb27000 	C:\Windows\SYSTEM32\dhcpcsvc6.DLL
0x00007fffed660000 - 0x00007fffed67d000 	C:\Windows\SYSTEM32\dhcpcsvc.DLL
0x00007fffee1d0000 - 0x00007fffee1e0000 	C:\Users\kgovinda\Downloads\sts-4.14.1.RELEASE\plugins\org.eclipse.justj.openjdk.hotspot.jre.full.win32.x86_64_17.0.2.v20220201-1208\jre\bin\verify.dll
0x00007fffed8f0000 - 0x00007fffed8fe000 	C:\Users\kgovinda\Downloads\sts-4.14.1.RELEASE\plugins\org.eclipse.justj.openjdk.hotspot.jre.full.win32.x86_64_17.0.2.v20220201-1208\jre\bin\sunmscapi.dll
0x00007ffff7550000 - 0x00007ffff76a6000 	C:\Windows\System32\CRYPT32.dll
0x00007ffff6ed0000 - 0x00007ffff6ef7000 	C:\Windows\SYSTEM32\ncrypt.dll
0x00007ffff6e90000 - 0x00007ffff6ecb000 	C:\Windows\SYSTEM32\NTASN1.dll
0x00007fffd8930000 - 0x00007fffd8937000 	C:\Windows\system32\wshunix.dll

dbghelp: loaded successfully - version: 4.0.5 - missing functions: none
symbol engine: initialized successfully - sym options: 0x614 - pdb path: .;C:\Users\kgovinda\Downloads\sts-4.14.1.RELEASE\plugins\org.eclipse.justj.openjdk.hotspot.jre.full.win32.x86_64_17.0.2.v20220201-1208\jre\bin;C:\Windows\SYSTEM32;C:\Windows\WinSxS\amd64_microsoft.windows.common-controls_6595b64144ccf1df_6.0.19041.1110_none_60b5254171f9507e;C:\Users\kgovinda\Downloads\sts-4.14.1.RELEASE\plugins\org.eclipse.justj.openjdk.hotspot.jre.full.win32.x86_64_17.0.2.v20220201-1208\jre\bin\server

VM Arguments:
jvm_args: -XX:+ShowCodeDetailsInExceptionMessages -agentlib:jdwp=transport=dt_socket,suspend=y,address=localhost:54386 -Dcom.sun.management.jmxremote -Dcom.sun.management.jmxremote.port=54385 -Dcom.sun.management.jmxremote.authenticate=false -Dcom.sun.management.jmxremote.ssl=false -Djava.rmi.server.hostname=localhost -Dspring.jmx.enabled=true -Dspring.application.admin.enabled=true -XX:TieredStopAtLevel=1 -Dspring.boot.project.name=CustomerConsumerService -javaagent:C:\Users\kgovinda\Downloads\sts-4.14.1.RELEASE\configuration\org.eclipse.osgi\265\0\.cp\lib\javaagent-shaded.jar -Dfile.encoding=UTF-8 
java_command: com.customer.consumer.CustomerConsumerserviceApplication --spring.output.ansi.enabled=always
java_class_path (initial): C:\Users\kgovinda\Documents\workspace-spring-tool-suite-4-4.14.1.RELEASE\CustomerConsumerService\target\classes;C:\Users\kgovinda\.m2\repository\org\springframework\boot\spring-boot-starter-web\2.7.0\spring-boot-starter-web-2.7.0.jar;C:\Users\kgovinda\.m2\repository\org\springframework\boot\spring-boot-starter\2.7.0\spring-boot-starter-2.7.0.jar;C:\Users\kgovinda\.m2\repository\org\springframework\boot\spring-boot\2.7.0\spring-boot-2.7.0.jar;C:\Users\kgovinda\.m2\repository\org\springframework\boot\spring-boot-autoconfigure\2.7.0\spring-boot-autoconfigure-2.7.0.jar;C:\Users\kgovinda\.m2\repository\org\springframework\boot\spring-boot-starter-logging\2.7.0\spring-boot-starter-logging-2.7.0.jar;C:\Users\kgovinda\.m2\repository\ch\qos\logback\logback-classic\1.2.11\logback-classic-1.2.11.jar;C:\Users\kgovinda\.m2\repository\ch\qos\logback\logback-core\1.2.11\logback-core-1.2.11.jar;C:\Users\kgovinda\.m2\repository\org\apache\logging\log4j\log4j-to-slf4j\2.17.2\log4j-to-slf4j-2.17.2.jar;C:\Users\kgovinda\.m2\repository\org\apache\logging\log4j\log4j-api\2.17.2\log4j-api-2.17.2.jar;C:\Users\kgovinda\.m2\repository\org\slf4j\jul-to-slf4j\1.7.36\jul-to-slf4j-1.7.36.jar;C:\Users\kgovinda\.m2\repository\jakarta\annotation\jakarta.annotation-api\1.3.5\jakarta.annotation-api-1.3.5.jar;C:\Users\kgovinda\.m2\repository\org\yaml\snakeyaml\1.30\snakeyaml-1.30.jar;C:\Users\kgovinda\.m2\repository\org\springframework\boot\spring-boot-starter-json\2.7.0\spring-boot-starter-json-2.7.0.jar;C:\Users\kgovinda\.m2\repository\com\fasterxml\jackson\core\jackson-databind\2.13.3\jackson-databind-2.13.3.jar;C:\Users\kgovinda\.m2\repository\com\fasterxml\jackson\core\jackson-annotations\2.13.3\jackson-annotations-2.13.3.jar;C:\Users\kgovinda\.m2\repository\com\fasterxml\jackson\core\jackson-core\2.13.3\jackson-core-2.13.3.jar;C:\Users\kgovinda\.m2\repository\com\fasterxml\jackson\datatype\jackson-datatype-jdk8\2.13.3\jackson-datatype-jdk8-2.13.3.jar;C:\Users\kgovind
Launcher Type: SUN_STANDARD

[Global flags]
     intx CICompilerCount                          = 4                                         {product} {ergonomic}
     uint ConcGCThreads                            = 2                                         {product} {ergonomic}
     uint G1ConcRefinementThreads                  = 8                                         {product} {ergonomic}
   size_t G1HeapRegionSize                         = 2097152                                   {product} {ergonomic}
    uintx GCDrainStackTargetSize                   = 64                                        {product} {ergonomic}
   size_t InitialHeapSize                          = 266338304                                 {product} {ergonomic}
     bool ManagementServer                         = true                                      {product} {command line}
   size_t MarkStackSize                            = 4194304                                   {product} {ergonomic}
   size_t MaxHeapSize                              = 4236247040                                {product} {ergonomic}
   size_t MaxNewSize                               = 2541748224                                {product} {ergonomic}
   size_t MinHeapDeltaBytes                        = 2097152                                   {product} {ergonomic}
   size_t MinHeapSize                              = 8388608                                   {product} {ergonomic}
    uintx NonProfiledCodeHeapSize                  = 0                                      {pd product} {ergonomic}
     bool ProfileInterpreter                       = false                                  {pd product} {command line}
    uintx ProfiledCodeHeapSize                     = 0                                      {pd product} {ergonomic}
     bool ShowCodeDetailsInExceptionMessages       = true                                   {manageable} {command line}
   size_t SoftMaxHeapSize                          = 4236247040                             {manageable} {ergonomic}
     intx TieredStopAtLevel                        = 1                                         {product} {command line}
     bool UseCompressedClassPointers               = true                           {product lp64_product} {ergonomic}
     bool UseCompressedOops                        = true                           {product lp64_product} {ergonomic}
     bool UseG1GC                                  = true                                      {product} {ergonomic}
     bool UseLargePagesIndividualAllocation        = false                                  {pd product} {ergonomic}

Logging:
Log output configuration:
 #0: stdout all=warning uptime,level,tags
 #1: stderr all=off uptime,level,tags

Environment Variables:
PATH=C:\Users\kgovinda\Downloads\sts-4.14.1.RELEASE\plugins\org.eclipse.justj.openjdk.hotspot.jre.full.win32.x86_64_17.0.2.v20220201-1208\jre\bin;C:/Users/kgovinda/Downloads/sts-4.14.1.RELEASE//plugins/org.eclipse.justj.openjdk.hotspot.jre.full.win32.x86_64_17.0.2.v20220201-1208/jre/bin/server;C:/Users/kgovinda/Downloads/sts-4.14.1.RELEASE//plugins/org.eclipse.justj.openjdk.hotspot.jre.full.win32.x86_64_17.0.2.v20220201-1208/jre/bin;C:\Program Files (x86)\Common Files\Oracle\Java\javapath;C:\Windows\System32\WindowsPowerShell\v1.0\;C:\Windows\system32;C:\Windows;C:\Windows\System32\Wbem;C:\Windows\System32\OpenSSH\;C:\Program Files\Git\cmd;C:\Users\kgovinda\AppData\Local\Microsoft\WindowsApps;;C:\Users\kgovinda\Downloads\sts-4.14.1.RELEASE;
USERNAME=kgovinda
OS=Windows_NT
PROCESSOR_IDENTIFIER=Intel64 Family 6 Model 142 Stepping 12, GenuineIntel



---------------  S Y S T E M  ---------------

OS:
 Windows 10 , 64 bit Build 19041 (10.0.19041.1706)
OS uptime: 7 days 8:52 hours

CPU: total 8 (initial active 8) (4 cores per cpu, 2 threads per core) family 6 model 142 stepping 12 microcode 0xec, cx8, cmov, fxsr, ht, mmx, 3dnowpref, sse, sse2, sse3, ssse3, sse4.1, sse4.2, popcnt, lzcnt, tsc, tscinvbit, avx, avx2, aes, erms, clmul, bmi1, bmi2, adx, fma, vzeroupper, clflush, clflushopt

Memory: 4k page, system-wide physical 16152M (6626M free)
TotalPageFile size 20278M (AvailPageFile size 3044M)
current process WorkingSet (physical memory assigned to process): 273M, peak: 287M
current process commit charge ("private bytes"): 371M, peak: 371M

vm_info: OpenJDK 64-Bit Server VM (17.0.2+8) for windows-amd64 JRE (17.0.2+8), built on Jan 20 2022 04:52:34 by "" with MS VC++ 16.7 (VS2019)

END.
